2025-05-12 12:09:02,362 - intelligence_engine.task_manager - INFO - Starting worker thread: TaskWorker-0
2025-05-12 12:09:02,362 - intelligence_engine.task_manager - INFO - Starting worker thread: TaskWorker-1
2025-05-12 12:09:02,362 - intelligence_engine.task_manager - INFO - Starting worker thread: TaskWorker-2
2025-05-12 12:09:02,362 - intelligence_engine.task_manager - INFO - Starting worker thread: TaskWorker-3
2025-05-12 12:09:02,362 - intelligence_engine.task_manager - INFO - Started TaskManager with 4 workers
2025-05-12 12:09:02,362 - intelligence_engine.task_manager - INFO - Registered handler for task type: optimize_schedule
2025-05-12 12:09:02,363 - intelligence_engine.task_manager - INFO - Registered handler for task type: generate_schedule
2025-05-12 12:09:02,363 - intelligence_engine.task_manager - INFO - Registered handler for task type: analyze_constraints
2025-05-12 12:09:02,363 - intelligence_engine - INFO - Registered task handlers
2025-05-12 12:09:02,363 - intelligence_engine.agents.base - INFO - Initializing agent director_scheduling_5cea44b0 of type director_scheduling
2025-05-12 12:09:02,363 - intelligence_engine.agents.base - INFO - Registered agent director_scheduling_5cea44b0 of type director_scheduling
2025-05-12 12:09:02,363 - intelligence_engine.agents.director - INFO - Director agent director_scheduling_5cea44b0 registered with registry
2025-05-12 12:09:02,363 - intelligence_engine.agents.base - INFO - Initializing agent director_operations_ffc5be18 of type director_operations
2025-05-12 12:09:02,363 - intelligence_engine.agents.base - INFO - Registered agent director_operations_ffc5be18 of type director_operations
2025-05-12 12:09:02,363 - intelligence_engine.agents.director - INFO - Director agent director_operations_ffc5be18 registered with registry
2025-05-12 12:09:02,363 - intelligence_engine.agents.base - INFO - Initializing agent director_analysis_6ee895b3 of type director_analysis
2025-05-12 12:09:02,363 - intelligence_engine.agents.base - INFO - Registered agent director_analysis_6ee895b3 of type director_analysis
2025-05-12 12:09:02,363 - intelligence_engine.agents.director - INFO - Director agent director_analysis_6ee895b3 registered with registry
2025-05-12 12:09:02,363 - intelligence_engine.agents.director - INFO - Registered director agent of type scheduling
2025-05-12 12:09:02,363 - intelligence_engine.agents.director - INFO - Registered director agent of type operations
2025-05-12 12:09:02,363 - intelligence_engine.agents.director - INFO - Registered director agent of type analysis
2025-05-12 12:09:02,363 - intelligence_engine.agents.base - INFO - Initializing agent specialized_optimization_73f56699 of type specialized_optimization
2025-05-12 12:09:02,363 - intelligence_engine.agents.base - INFO - Registered agent specialized_optimization_73f56699 of type specialized_optimization
2025-05-12 12:09:02,363 - intelligence_engine.agents.specialized - INFO - Specialized agent specialized_optimization_73f56699 registered with registry
2025-05-12 12:09:02,363 - intelligence_engine.agents.director - INFO - Director director_scheduling_5cea44b0 registered specialized agent specialized_optimization_73f56699
2025-05-12 12:09:02,363 - intelligence_engine.agents.specialized - INFO - Specialized agent specialized_optimization_73f56699 registered with director director_scheduling_5cea44b0
2025-05-12 12:09:02,363 - intelligence_engine.agents.base - INFO - Initializing agent specialized_schedule_generation_a9aa4ace of type specialized_schedule_generation
2025-05-12 12:09:02,363 - intelligence_engine.agents.base - INFO - Registered agent specialized_schedule_generation_a9aa4ace of type specialized_schedule_generation
2025-05-12 12:09:02,363 - intelligence_engine.agents.specialized - INFO - Specialized agent specialized_schedule_generation_a9aa4ace registered with registry
2025-05-12 12:09:02,363 - intelligence_engine.agents.director - INFO - Director director_scheduling_5cea44b0 registered specialized agent specialized_schedule_generation_a9aa4ace
2025-05-12 12:09:02,363 - intelligence_engine.agents.specialized - INFO - Specialized agent specialized_schedule_generation_a9aa4ace registered with director director_scheduling_5cea44b0
2025-05-12 12:09:02,363 - intelligence_engine.agents.base - INFO - Initializing agent specialized_constraint_management_5e432738 of type specialized_constraint_management
2025-05-12 12:09:02,363 - intelligence_engine.agents.base - INFO - Registered agent specialized_constraint_management_5e432738 of type specialized_constraint_management
2025-05-12 12:09:02,363 - intelligence_engine.agents.specialized - INFO - Specialized agent specialized_constraint_management_5e432738 registered with registry
2025-05-12 12:09:02,363 - intelligence_engine.agents.director - INFO - Director director_scheduling_5cea44b0 registered specialized agent specialized_constraint_management_5e432738
2025-05-12 12:09:02,363 - intelligence_engine.agents.specialized - INFO - Specialized agent specialized_constraint_management_5e432738 registered with director director_scheduling_5cea44b0
2025-05-12 12:09:02,363 - intelligence_engine.agents.base - INFO - Initializing agent specialized_analysis_a1f247da of type specialized_analysis
2025-05-12 12:09:02,363 - intelligence_engine.agents.base - INFO - Registered agent specialized_analysis_a1f247da of type specialized_analysis
2025-05-12 12:09:02,363 - intelligence_engine.agents.specialized - INFO - Specialized agent specialized_analysis_a1f247da registered with registry
2025-05-12 12:09:02,363 - intelligence_engine.agents.director - INFO - Director director_analysis_6ee895b3 registered specialized agent specialized_analysis_a1f247da
2025-05-12 12:09:02,363 - intelligence_engine.agents.specialized - INFO - Specialized agent specialized_analysis_a1f247da registered with director director_analysis_6ee895b3
2025-05-12 12:09:02,363 - intelligence_engine - INFO - Initialized agent system with 3 directors and 7 agents
2025-05-12 12:09:02,370 - intelligence_engine - INFO - Starting HELiiX Intelligence Engine on 0.0.0.0:4001
2025-05-12 12:09:02,370 - intelligence_engine - INFO - Python version: 3.9.6 (default, Mar 12 2025, 20:22:46) 
[Clang 17.0.0 (clang-1700.0.13.3)]
2025-05-12 12:09:02,370 - intelligence_engine - INFO - Debug mode: enabled
2025-05-12 12:09:02,370 - intelligence_engine - INFO - Starting Intelligence Engine API server on 0.0.0.0:4001
2025-05-12 12:09:02,372 - waitress - INFO - Serving on http://0.0.0.0:4001
2025-05-12 12:25:08,263 - intelligence_engine.agents.director - INFO - Director director_scheduling_5cea44b0 created task d8edd3de-c0f9-4757-920c-154a147b1c48 of type generate_schedule
2025-05-12 12:25:08,264 - intelligence_engine.agents.director - ERROR - Failed to delegate task d8edd3de-c0f9-4757-920c-154a147b1c48 to agent director_scheduling_5cea44b0: Unsupported message type: execute_task
2025-05-12 12:25:08,266 - intelligence_engine.agents.director - INFO - Director director_analysis_6ee895b3 created task af3b9a65-5758-4083-8af6-c282c1b56f25 of type analyze_schedule
2025-05-12 12:25:08,266 - intelligence_engine.agents.director - ERROR - Failed to delegate task af3b9a65-5758-4083-8af6-c282c1b56f25 to agent director_analysis_6ee895b3: Unsupported message type: execute_task
2025-05-12 12:25:08,267 - intelligence_engine.agents.director - INFO - Director director_operations_ffc5be18 created task 83a557c2-a127-4aff-ae8f-99490b7c7383 of type manage_venues
2025-05-12 12:25:08,267 - intelligence_engine.agents.director - ERROR - Failed to delegate task 83a557c2-a127-4aff-ae8f-99490b7c7383 to agent director_operations_ffc5be18: Unsupported message type: execute_task
